2025-06-30 10:59:06,520 [INFO] Starting 0DTE SPY Strategy
2025-06-30 10:59:06,520 [INFO] Checking market hours...
2025-06-30 10:59:06,520 [INFO] Fetching market data...
2025-06-30 10:59:06,725 [INFO] Generating signals...
2025-06-30 10:59:06,726 [INFO] Checking for trade opportunities...
2025-06-30 10:59:06,726 [INFO] No trade signal this cycle.
2025-06-30 10:59:06,726 [INFO] Managing positions...
2025-06-30 10:59:06,726 [INFO] Sleeping for 30 seconds...
2025-06-30 10:59:36,652 [INFO] Checking market hours...
2025-06-30 10:59:36,657 [INFO] Fetching market data...
2025-06-30 10:59:36,767 [INFO] Generating signals...
2025-06-30 10:59:36,767 [INFO] Checking for trade opportunities...
2025-06-30 10:59:36,768 [INFO] No trade signal this cycle.
2025-06-30 10:59:36,768 [INFO] Managing positions...
2025-06-30 10:59:36,768 [INFO] Sleeping for 30 seconds...
2025-06-30 11:00:06,768 [INFO] Checking market hours...
2025-06-30 11:00:06,769 [INFO] Fetching market data...
2025-06-30 11:00:06,900 [INFO] Generating signals...
2025-06-30 11:00:06,900 [INFO] Checking for trade opportunities...
2025-06-30 11:00:06,900 [INFO] No trade signal this cycle.
2025-06-30 11:00:06,901 [INFO] Managing positions...
2025-06-30 11:00:06,901 [INFO] Sleeping for 30 seconds...
2025-06-30 11:00:36,904 [INFO] Checking market hours...
2025-06-30 11:00:36,906 [INFO] Fetching market data...
2025-06-30 11:00:37,051 [INFO] Generating signals...
2025-06-30 11:00:37,051 [INFO] Checking for trade opportunities...
2025-06-30 11:00:37,051 [INFO] No trade signal this cycle.
2025-06-30 11:00:37,051 [INFO] Managing positions...
2025-06-30 11:00:37,051 [INFO] Sleeping for 30 seconds...
2025-06-30 11:01:07,053 [INFO] Checking market hours...
2025-06-30 11:01:07,055 [INFO] Fetching market data...
2025-06-30 11:01:07,208 [INFO] Generating signals...
2025-06-30 11:01:07,208 [INFO] Checking for trade opportunities...
2025-06-30 11:01:07,209 [INFO] No trade signal this cycle.
2025-06-30 11:01:07,209 [INFO] Managing positions...
2025-06-30 11:01:07,209 [INFO] Sleeping for 30 seconds...
2025-06-30 11:01:37,211 [INFO] Checking market hours...
2025-06-30 11:01:37,213 [INFO] Fetching market data...
2025-06-30 11:01:37,354 [INFO] Generating signals...
2025-06-30 11:01:37,355 [INFO] Checking for trade opportunities...
2025-06-30 11:01:37,355 [INFO] No trade signal this cycle.
2025-06-30 11:01:37,355 [INFO] Managing positions...
2025-06-30 11:01:37,355 [INFO] Sleeping for 30 seconds...
2025-06-30 11:02:07,358 [INFO] Checking market hours...
2025-06-30 11:02:07,359 [INFO] Fetching market data...
2025-06-30 11:02:07,492 [INFO] Generating signals...
2025-06-30 11:02:07,493 [INFO] Checking for trade opportunities...
2025-06-30 11:02:07,493 [INFO] No trade signal this cycle.
2025-06-30 11:02:07,493 [INFO] Managing positions...
2025-06-30 11:02:07,493 [INFO] Sleeping for 30 seconds...
2025-06-30 11:02:37,517 [INFO] Checking market hours...
2025-06-30 11:02:37,526 [INFO] Fetching market data...
2025-06-30 11:02:37,691 [INFO] Generating signals...
2025-06-30 11:02:37,693 [INFO] Checking for trade opportunities...
2025-06-30 11:02:37,693 [INFO] No trade signal this cycle.
2025-06-30 11:02:37,693 [INFO] Managing positions...
2025-06-30 11:02:37,693 [INFO] Sleeping for 30 seconds...
2025-06-30 11:03:07,700 [INFO] Checking market hours...
2025-06-30 11:03:07,705 [INFO] Fetching market data...
2025-06-30 11:03:07,912 [INFO] Generating signals...
2025-06-30 11:03:07,913 [INFO] Checking for trade opportunities...
2025-06-30 11:03:07,913 [INFO] No trade signal this cycle.
2025-06-30 11:03:07,913 [INFO] Managing positions...
2025-06-30 11:03:07,913 [INFO] Sleeping for 30 seconds...
2025-06-30 11:03:37,914 [INFO] Checking market hours...
2025-06-30 11:03:37,915 [INFO] Fetching market data...
2025-06-30 11:03:38,145 [INFO] Generating signals...
2025-06-30 11:03:38,146 [INFO] Checking for trade opportunities...
2025-06-30 11:03:38,146 [INFO] No trade signal this cycle.
2025-06-30 11:03:38,146 [INFO] Managing positions...
2025-06-30 11:03:38,146 [INFO] Sleeping for 30 seconds...
2025-06-30 11:04:08,150 [INFO] Checking market hours...
2025-06-30 11:04:08,151 [INFO] Fetching market data...
2025-06-30 11:04:08,298 [INFO] Generating signals...
2025-06-30 11:04:08,299 [INFO] Checking for trade opportunities...
2025-06-30 11:04:08,299 [INFO] No trade signal this cycle.
2025-06-30 11:04:08,299 [INFO] Managing positions...
2025-06-30 11:04:08,299 [INFO] Sleeping for 30 seconds...
2025-06-30 11:04:38,303 [INFO] Checking market hours...
2025-06-30 11:04:38,307 [INFO] Fetching market data...
2025-06-30 11:04:38,518 [INFO] Generating signals...
2025-06-30 11:04:38,518 [INFO] Checking for trade opportunities...
2025-06-30 11:04:38,519 [INFO] No trade signal this cycle.
2025-06-30 11:04:38,519 [INFO] Managing positions...
2025-06-30 11:04:38,519 [INFO] Sleeping for 30 seconds...
2025-06-30 11:05:08,521 [INFO] Checking market hours...
2025-06-30 11:05:08,523 [INFO] Fetching market data...
2025-06-30 11:05:08,666 [INFO] Generating signals...
2025-06-30 11:05:08,667 [INFO] Checking for trade opportunities...
2025-06-30 11:05:08,667 [INFO] No trade signal this cycle.
2025-06-30 11:05:08,667 [INFO] Managing positions...
2025-06-30 11:05:08,667 [INFO] Sleeping for 30 seconds...
